2022-06-18 19:20:17,907 INFO    MainThread:16352 [wandb_setup.py:_flush():76] Loading settings from /Users/holy_joon/.config/wandb/settings
2022-06-18 19:20:17,907 INFO    MainThread:16352 [wandb_setup.py:_flush():76] Loading settings from /Users/holy_joon/ws/Reinforcement/A3C-Atari/wandb/settings
2022-06-18 19:20:17,907 INFO    MainThread:16352 [wandb_setup.py:_flush():76] Loading settings from environment variables: {}
2022-06-18 19:20:17,907 INFO    MainThread:16352 [wandb_setup.py:_flush():76] Inferring run settings from compute environment: {'program_relpath': 'main.py', 'program': 'main.py'}
2022-06-18 19:20:17,907 INFO    MainThread:16352 [wandb_init.py:_log_setup():428] Logging user logs to /Users/holy_joon/ws/Reinforcement/A3C-Atari/wandb/run-20220618_192017-t9dvv91m/logs/debug.log
2022-06-18 19:20:17,907 INFO    MainThread:16352 [wandb_init.py:_log_setup():429] Logging internal logs to /Users/holy_joon/ws/Reinforcement/A3C-Atari/wandb/run-20220618_192017-t9dvv91m/logs/debug-internal.log
2022-06-18 19:20:17,907 INFO    MainThread:16352 [wandb_init.py:init():462] calling init triggers
2022-06-18 19:20:17,907 INFO    MainThread:16352 [wandb_init.py:init():466] wandb.init called with sweep_config: {}
config: {'lr': 0.0001, 'gamma': 0.99, 'num_processes': 8, 'train_step': 30}
2022-06-18 19:20:17,907 INFO    MainThread:16352 [wandb_init.py:init():515] starting backend
2022-06-18 19:20:17,911 INFO    MainThread:16352 [backend.py:ensure_launched():217] starting backend process...
2022-06-18 19:20:17,912 INFO    MainThread:16352 [backend.py:ensure_launched():222] started backend process with pid: 0
2022-06-18 19:20:17,912 INFO    BackendThr:16352 [internal.py:wandb_internal():93] W&B internal server running at pid: 16352, started at: 2022-06-18 19:20:17.911854
2022-06-18 19:20:17,912 INFO    MainThread:16352 [wandb_init.py:init():525] backend started and connected
2022-06-18 19:20:17,915 INFO    MainThread:16352 [wandb_init.py:init():596] updated telemetry
2022-06-18 19:20:17,916 INFO    WriterThread:16352 [datastore.py:open_for_write():75] open: /Users/holy_joon/ws/Reinforcement/A3C-Atari/wandb/run-20220618_192017-t9dvv91m/run-t9dvv91m.wandb
2022-06-18 19:20:17,937 INFO    MainThread:16352 [wandb_init.py:init():628] communicating run to backend with 30 second timeout
2022-06-18 19:20:18,231 INFO    MainThread:16352 [wandb_run.py:_on_init():1924] communicating current version
2022-06-18 19:20:18,235 INFO    SenderThread:16352 [dir_watcher.py:__init__():205] watching files in: /Users/holy_joon/ws/Reinforcement/A3C-Atari/wandb/run-20220618_192017-t9dvv91m/files
2022-06-18 19:20:18,235 INFO    SenderThread:16352 [sender.py:_start_run_threads():815] run started: t9dvv91m with start time 1655547617
2022-06-18 19:20:18,236 INFO    SenderThread:16352 [sender.py:_save_file():949] saving file wandb-summary.json with policy end
2022-06-18 19:20:18,375 INFO    MainThread:16352 [wandb_run.py:_on_init():1928] got version response 
2022-06-18 19:20:18,375 INFO    MainThread:16352 [wandb_init.py:init():662] starting run threads in backend
2022-06-18 19:20:19,243 INFO    Thread-10 :16352 [dir_watcher.py:_on_file_created():256] file/dir created: /Users/holy_joon/ws/Reinforcement/A3C-Atari/wandb/run-20220618_192017-t9dvv91m/files/requirements.txt
2022-06-18 19:20:19,244 INFO    Thread-10 :16352 [dir_watcher.py:_on_file_created():256] file/dir created: /Users/holy_joon/ws/Reinforcement/A3C-Atari/wandb/run-20220618_192017-t9dvv91m/files/conda-environment.yaml
2022-06-18 19:20:19,244 INFO    Thread-10 :16352 [dir_watcher.py:_on_file_created():256] file/dir created: /Users/holy_joon/ws/Reinforcement/A3C-Atari/wandb/run-20220618_192017-t9dvv91m/files/wandb-summary.json
2022-06-18 19:20:22,250 INFO    Thread-10 :16352 [dir_watcher.py:_on_file_modified():269] file/dir modified: /Users/holy_joon/ws/Reinforcement/A3C-Atari/wandb/run-20220618_192017-t9dvv91m/files/conda-environment.yaml
2022-06-18 19:20:22,315 INFO    SenderThread:16352 [sender.py:_save_file():949] saving file wandb-metadata.json with policy now
2022-06-18 19:20:22,335 INFO    MainThread:16352 [wandb_run.py:_console_start():1898] atexit reg
2022-06-18 19:20:22,338 INFO    MainThread:16352 [wandb_run.py:_redirect():1771] redirect: SettingsConsole.OFF
2022-06-18 19:20:22,339 INFO    MainThread:16352 [wandb_init.py:init():688] run started, returning control to user process
2022-06-18 19:20:23,198 INFO    Thread-14 :16352 [upload_job.py:push():132] Uploaded file /var/folders/k8/s6lxs_k17lscvq1jjmh1cw080000gn/T/tmpom8yu35wwandb/ot50htc0-wandb-metadata.json
2022-06-18 19:20:23,253 INFO    Thread-10 :16352 [dir_watcher.py:_on_file_created():256] file/dir created: /Users/holy_joon/ws/Reinforcement/A3C-Atari/wandb/run-20220618_192017-t9dvv91m/files/wandb-metadata.json
2022-06-18 19:20:23,254 INFO    Thread-10 :16352 [dir_watcher.py:_on_file_created():256] file/dir created: /Users/holy_joon/ws/Reinforcement/A3C-Atari/wandb/run-20220618_192017-t9dvv91m/files/output.log
2022-06-18 19:20:24,625 INFO    SenderThread:16352 [sender.py:_save_file():949] saving file media/images/Observation_0_2a016b978e239ea288a2.png with policy now
2022-06-18 19:20:24,632 INFO    SenderThread:16352 [sender.py:_save_file():949] saving file wandb-summary.json with policy end
2022-06-18 19:20:24,633 INFO    SenderThread:16352 [sender.py:_save_file():949] saving file media/images/State_1_1222df5269290e4a2689.png with policy now
2022-06-18 19:20:24,638 INFO    SenderThread:16352 [sender.py:_save_file():949] saving file wandb-summary.json with policy end
2022-06-18 19:20:25,263 INFO    Thread-10 :16352 [dir_watcher.py:_on_file_modified():269] file/dir modified: /Users/holy_joon/ws/Reinforcement/A3C-Atari/wandb/run-20220618_192017-t9dvv91m/files/wandb-summary.json
2022-06-18 19:20:25,263 INFO    Thread-10 :16352 [dir_watcher.py:_on_file_created():256] file/dir created: /Users/holy_joon/ws/Reinforcement/A3C-Atari/wandb/run-20220618_192017-t9dvv91m/files/media/images/State_1_1222df5269290e4a2689.png
2022-06-18 19:20:25,263 INFO    Thread-10 :16352 [dir_watcher.py:_on_file_created():256] file/dir created: /Users/holy_joon/ws/Reinforcement/A3C-Atari/wandb/run-20220618_192017-t9dvv91m/files/media/images/Observation_0_2a016b978e239ea288a2.png
2022-06-18 19:20:25,264 INFO    Thread-10 :16352 [dir_watcher.py:_on_file_created():256] file/dir created: /Users/holy_joon/ws/Reinforcement/A3C-Atari/wandb/run-20220618_192017-t9dvv91m/files/media
2022-06-18 19:20:25,264 INFO    Thread-10 :16352 [dir_watcher.py:_on_file_created():256] file/dir created: /Users/holy_joon/ws/Reinforcement/A3C-Atari/wandb/run-20220618_192017-t9dvv91m/files/media/images
2022-06-18 19:20:25,284 INFO    Thread-18 :16352 [upload_job.py:push():132] Uploaded file /var/folders/k8/s6lxs_k17lscvq1jjmh1cw080000gn/T/tmpom8yu35wwandb/1qg4dcn2-media/images/State_1_1222df5269290e4a2689.png
2022-06-18 19:20:25,298 INFO    Thread-17 :16352 [upload_job.py:push():132] Uploaded file /var/folders/k8/s6lxs_k17lscvq1jjmh1cw080000gn/T/tmpom8yu35wwandb/22aswkpb-media/images/Observation_0_2a016b978e239ea288a2.png
2022-06-18 19:20:49,307 INFO    Thread-10 :16352 [dir_watcher.py:_on_file_modified():269] file/dir modified: /Users/holy_joon/ws/Reinforcement/A3C-Atari/wandb/run-20220618_192017-t9dvv91m/files/config.yaml
2022-06-18 19:20:53,486 INFO    SenderThread:16352 [sender.py:_save_file():949] saving file wandb-summary.json with policy end
2022-06-18 19:20:54,321 INFO    Thread-10 :16352 [dir_watcher.py:_on_file_modified():269] file/dir modified: /Users/holy_joon/ws/Reinforcement/A3C-Atari/wandb/run-20220618_192017-t9dvv91m/files/wandb-summary.json
2022-06-18 19:21:21,262 INFO    SenderThread:16352 [sender.py:_save_file():949] saving file wandb-summary.json with policy end
2022-06-18 19:21:21,478 INFO    Thread-10 :16352 [dir_watcher.py:_on_file_modified():269] file/dir modified: /Users/holy_joon/ws/Reinforcement/A3C-Atari/wandb/run-20220618_192017-t9dvv91m/files/wandb-summary.json
2022-06-18 19:21:49,327 INFO    SenderThread:16352 [sender.py:_save_file():949] saving file wandb-summary.json with policy end
2022-06-18 19:21:49,556 INFO    Thread-10 :16352 [dir_watcher.py:_on_file_modified():269] file/dir modified: /Users/holy_joon/ws/Reinforcement/A3C-Atari/wandb/run-20220618_192017-t9dvv91m/files/wandb-summary.json
2022-06-18 19:22:16,582 INFO    SenderThread:16352 [sender.py:_save_file():949] saving file wandb-summary.json with policy end
2022-06-18 19:22:16,799 INFO    Thread-10 :16352 [dir_watcher.py:_on_file_modified():269] file/dir modified: /Users/holy_joon/ws/Reinforcement/A3C-Atari/wandb/run-20220618_192017-t9dvv91m/files/wandb-summary.json
2022-06-18 19:22:43,693 INFO    SenderThread:16352 [sender.py:_save_file():949] saving file wandb-summary.json with policy end
2022-06-18 19:22:43,889 INFO    Thread-10 :16352 [dir_watcher.py:_on_file_modified():269] file/dir modified: /Users/holy_joon/ws/Reinforcement/A3C-Atari/wandb/run-20220618_192017-t9dvv91m/files/wandb-summary.json
2022-06-18 19:23:11,116 INFO    SenderThread:16352 [sender.py:_save_file():949] saving file wandb-summary.json with policy end
2022-06-18 19:23:11,964 INFO    Thread-10 :16352 [dir_watcher.py:_on_file_modified():269] file/dir modified: /Users/holy_joon/ws/Reinforcement/A3C-Atari/wandb/run-20220618_192017-t9dvv91m/files/wandb-summary.json
2022-06-18 19:23:38,079 INFO    SenderThread:16352 [sender.py:_save_file():949] saving file wandb-summary.json with policy end
2022-06-18 19:23:39,007 INFO    Thread-10 :16352 [dir_watcher.py:_on_file_modified():269] file/dir modified: /Users/holy_joon/ws/Reinforcement/A3C-Atari/wandb/run-20220618_192017-t9dvv91m/files/wandb-summary.json
2022-06-18 19:24:04,909 INFO    SenderThread:16352 [sender.py:_save_file():949] saving file wandb-summary.json with policy end
2022-06-18 19:24:05,135 INFO    Thread-10 :16352 [dir_watcher.py:_on_file_modified():269] file/dir modified: /Users/holy_joon/ws/Reinforcement/A3C-Atari/wandb/run-20220618_192017-t9dvv91m/files/wandb-summary.json
2022-06-18 19:24:32,568 INFO    SenderThread:16352 [sender.py:_save_file():949] saving file wandb-summary.json with policy end
2022-06-18 19:24:33,212 INFO    Thread-10 :16352 [dir_watcher.py:_on_file_modified():269] file/dir modified: /Users/holy_joon/ws/Reinforcement/A3C-Atari/wandb/run-20220618_192017-t9dvv91m/files/wandb-summary.json
2022-06-18 19:24:59,730 INFO    SenderThread:16352 [sender.py:_save_file():949] saving file wandb-summary.json with policy end
2022-06-18 19:25:00,273 INFO    Thread-10 :16352 [dir_watcher.py:_on_file_modified():269] file/dir modified: /Users/holy_joon/ws/Reinforcement/A3C-Atari/wandb/run-20220618_192017-t9dvv91m/files/wandb-summary.json
2022-06-18 19:25:26,484 INFO    SenderThread:16352 [sender.py:_save_file():949] saving file wandb-summary.json with policy end
2022-06-18 19:25:27,414 INFO    Thread-10 :16352 [dir_watcher.py:_on_file_modified():269] file/dir modified: /Users/holy_joon/ws/Reinforcement/A3C-Atari/wandb/run-20220618_192017-t9dvv91m/files/wandb-summary.json
2022-06-18 19:25:53,618 INFO    SenderThread:16352 [sender.py:_save_file():949] saving file wandb-summary.json with policy end
2022-06-18 19:25:54,547 INFO    Thread-10 :16352 [dir_watcher.py:_on_file_modified():269] file/dir modified: /Users/holy_joon/ws/Reinforcement/A3C-Atari/wandb/run-20220618_192017-t9dvv91m/files/wandb-summary.json
2022-06-18 19:26:20,292 INFO    SenderThread:16352 [sender.py:_save_file():949] saving file wandb-summary.json with policy end
2022-06-18 19:26:20,670 INFO    Thread-10 :16352 [dir_watcher.py:_on_file_modified():269] file/dir modified: /Users/holy_joon/ws/Reinforcement/A3C-Atari/wandb/run-20220618_192017-t9dvv91m/files/wandb-summary.json
2022-06-18 19:26:47,549 INFO    SenderThread:16352 [sender.py:_save_file():949] saving file wandb-summary.json with policy end
2022-06-18 19:26:47,814 INFO    Thread-10 :16352 [dir_watcher.py:_on_file_modified():269] file/dir modified: /Users/holy_joon/ws/Reinforcement/A3C-Atari/wandb/run-20220618_192017-t9dvv91m/files/wandb-summary.json
2022-06-18 19:27:14,819 INFO    SenderThread:16352 [sender.py:_save_file():949] saving file wandb-summary.json with policy end
2022-06-18 19:27:15,026 INFO    Thread-10 :16352 [dir_watcher.py:_on_file_modified():269] file/dir modified: /Users/holy_joon/ws/Reinforcement/A3C-Atari/wandb/run-20220618_192017-t9dvv91m/files/wandb-summary.json
2022-06-18 19:27:41,507 INFO    SenderThread:16352 [sender.py:_save_file():949] saving file wandb-summary.json with policy end
2022-06-18 19:27:42,160 INFO    Thread-10 :16352 [dir_watcher.py:_on_file_modified():269] file/dir modified: /Users/holy_joon/ws/Reinforcement/A3C-Atari/wandb/run-20220618_192017-t9dvv91m/files/wandb-summary.json
2022-06-18 19:28:08,719 INFO    SenderThread:16352 [sender.py:_save_file():949] saving file wandb-summary.json with policy end
2022-06-18 19:28:09,303 INFO    Thread-10 :16352 [dir_watcher.py:_on_file_modified():269] file/dir modified: /Users/holy_joon/ws/Reinforcement/A3C-Atari/wandb/run-20220618_192017-t9dvv91m/files/wandb-summary.json
2022-06-18 19:28:36,024 INFO    SenderThread:16352 [sender.py:_save_file():949] saving file wandb-summary.json with policy end
2022-06-18 19:28:36,426 INFO    Thread-10 :16352 [dir_watcher.py:_on_file_modified():269] file/dir modified: /Users/holy_joon/ws/Reinforcement/A3C-Atari/wandb/run-20220618_192017-t9dvv91m/files/wandb-summary.json
2022-06-18 19:29:03,534 INFO    SenderThread:16352 [sender.py:_save_file():949] saving file wandb-summary.json with policy end
2022-06-18 19:29:03,730 INFO    Thread-10 :16352 [dir_watcher.py:_on_file_modified():269] file/dir modified: /Users/holy_joon/ws/Reinforcement/A3C-Atari/wandb/run-20220618_192017-t9dvv91m/files/wandb-summary.json
2022-06-18 19:29:30,641 INFO    SenderThread:16352 [sender.py:_save_file():949] saving file wandb-summary.json with policy end
2022-06-18 19:29:30,869 INFO    Thread-10 :16352 [dir_watcher.py:_on_file_modified():269] file/dir modified: /Users/holy_joon/ws/Reinforcement/A3C-Atari/wandb/run-20220618_192017-t9dvv91m/files/wandb-summary.json
2022-06-18 19:29:57,650 INFO    SenderThread:16352 [sender.py:_save_file():949] saving file wandb-summary.json with policy end
2022-06-18 19:29:58,009 INFO    Thread-10 :16352 [dir_watcher.py:_on_file_modified():269] file/dir modified: /Users/holy_joon/ws/Reinforcement/A3C-Atari/wandb/run-20220618_192017-t9dvv91m/files/wandb-summary.json
2022-06-18 19:30:24,170 INFO    SenderThread:16352 [sender.py:_save_file():949] saving file wandb-summary.json with policy end
2022-06-18 19:30:25,121 INFO    Thread-10 :16352 [dir_watcher.py:_on_file_modified():269] file/dir modified: /Users/holy_joon/ws/Reinforcement/A3C-Atari/wandb/run-20220618_192017-t9dvv91m/files/wandb-summary.json
2022-06-18 19:30:50,690 INFO    SenderThread:16352 [sender.py:_save_file():949] saving file wandb-summary.json with policy end
2022-06-18 19:30:51,272 INFO    Thread-10 :16352 [dir_watcher.py:_on_file_modified():269] file/dir modified: /Users/holy_joon/ws/Reinforcement/A3C-Atari/wandb/run-20220618_192017-t9dvv91m/files/wandb-summary.json
2022-06-18 19:31:17,853 INFO    SenderThread:16352 [sender.py:_save_file():949] saving file wandb-summary.json with policy end
2022-06-18 19:31:18,436 INFO    Thread-10 :16352 [dir_watcher.py:_on_file_modified():269] file/dir modified: /Users/holy_joon/ws/Reinforcement/A3C-Atari/wandb/run-20220618_192017-t9dvv91m/files/wandb-summary.json
2022-06-18 19:31:45,824 INFO    SenderThread:16352 [sender.py:_save_file():949] saving file wandb-summary.json with policy end
2022-06-18 19:31:46,550 INFO    Thread-10 :16352 [dir_watcher.py:_on_file_modified():269] file/dir modified: /Users/holy_joon/ws/Reinforcement/A3C-Atari/wandb/run-20220618_192017-t9dvv91m/files/wandb-summary.json
2022-06-18 19:32:15,738 INFO    SenderThread:16352 [sender.py:_save_file():949] saving file wandb-summary.json with policy end
2022-06-18 19:32:16,624 INFO    Thread-10 :16352 [dir_watcher.py:_on_file_modified():269] file/dir modified: /Users/holy_joon/ws/Reinforcement/A3C-Atari/wandb/run-20220618_192017-t9dvv91m/files/wandb-summary.json
2022-06-18 19:32:43,618 INFO    SenderThread:16352 [sender.py:_save_file():949] saving file wandb-summary.json with policy end
2022-06-18 19:32:43,834 INFO    Thread-10 :16352 [dir_watcher.py:_on_file_modified():269] file/dir modified: /Users/holy_joon/ws/Reinforcement/A3C-Atari/wandb/run-20220618_192017-t9dvv91m/files/wandb-summary.json
2022-06-18 19:33:17,414 INFO    SenderThread:16352 [sender.py:_save_file():949] saving file wandb-summary.json with policy end
2022-06-18 19:33:17,909 INFO    Thread-10 :16352 [dir_watcher.py:_on_file_modified():269] file/dir modified: /Users/holy_joon/ws/Reinforcement/A3C-Atari/wandb/run-20220618_192017-t9dvv91m/files/wandb-summary.json
2022-06-18 19:33:49,478 INFO    SenderThread:16352 [sender.py:_save_file():949] saving file wandb-summary.json with policy end
2022-06-18 19:33:49,988 INFO    Thread-10 :16352 [dir_watcher.py:_on_file_modified():269] file/dir modified: /Users/holy_joon/ws/Reinforcement/A3C-Atari/wandb/run-20220618_192017-t9dvv91m/files/wandb-summary.json
2022-06-18 19:34:33,034 INFO    SenderThread:16352 [sender.py:_save_file():949] saving file wandb-summary.json with policy end
2022-06-18 19:34:33,353 INFO    Thread-10 :16352 [dir_watcher.py:_on_file_modified():269] file/dir modified: /Users/holy_joon/ws/Reinforcement/A3C-Atari/wandb/run-20220618_192017-t9dvv91m/files/wandb-summary.json
2022-06-18 19:34:56,532 INFO    SenderThread:16352 [sender.py:_save_file():949] saving file wandb-summary.json with policy end
2022-06-18 19:34:57,408 INFO    Thread-10 :16352 [dir_watcher.py:_on_file_modified():269] file/dir modified: /Users/holy_joon/ws/Reinforcement/A3C-Atari/wandb/run-20220618_192017-t9dvv91m/files/wandb-summary.json
2022-06-18 19:35:23,012 INFO    SenderThread:16352 [sender.py:_save_file():949] saving file wandb-summary.json with policy end
2022-06-18 19:35:23,480 INFO    Thread-10 :16352 [dir_watcher.py:_on_file_modified():269] file/dir modified: /Users/holy_joon/ws/Reinforcement/A3C-Atari/wandb/run-20220618_192017-t9dvv91m/files/wandb-summary.json
2022-06-18 19:35:49,763 INFO    SenderThread:16352 [sender.py:_save_file():949] saving file wandb-summary.json with policy end
2022-06-18 19:35:50,546 INFO    Thread-10 :16352 [dir_watcher.py:_on_file_modified():269] file/dir modified: /Users/holy_joon/ws/Reinforcement/A3C-Atari/wandb/run-20220618_192017-t9dvv91m/files/wandb-summary.json
2022-06-18 19:36:16,532 INFO    SenderThread:16352 [sender.py:_save_file():949] saving file wandb-summary.json with policy end
2022-06-18 19:36:16,734 INFO    Thread-10 :16352 [dir_watcher.py:_on_file_modified():269] file/dir modified: /Users/holy_joon/ws/Reinforcement/A3C-Atari/wandb/run-20220618_192017-t9dvv91m/files/wandb-summary.json
2022-06-18 19:36:47,723 INFO    SenderThread:16352 [sender.py:_save_file():949] saving file wandb-summary.json with policy end
2022-06-18 19:36:47,978 INFO    Thread-10 :16352 [dir_watcher.py:_on_file_modified():269] file/dir modified: /Users/holy_joon/ws/Reinforcement/A3C-Atari/wandb/run-20220618_192017-t9dvv91m/files/wandb-summary.json
2022-06-18 19:37:14,568 INFO    SenderThread:16352 [sender.py:_save_file():949] saving file wandb-summary.json with policy end
2022-06-18 19:37:15,038 INFO    Thread-10 :16352 [dir_watcher.py:_on_file_modified():269] file/dir modified: /Users/holy_joon/ws/Reinforcement/A3C-Atari/wandb/run-20220618_192017-t9dvv91m/files/wandb-summary.json
2022-06-18 19:37:50,210 INFO    SenderThread:16352 [sender.py:_save_file():949] saving file wandb-summary.json with policy end
2022-06-18 19:37:51,118 INFO    Thread-10 :16352 [dir_watcher.py:_on_file_modified():269] file/dir modified: /Users/holy_joon/ws/Reinforcement/A3C-Atari/wandb/run-20220618_192017-t9dvv91m/files/wandb-summary.json
2022-06-18 19:38:16,882 INFO    SenderThread:16352 [sender.py:_save_file():949] saving file wandb-summary.json with policy end
2022-06-18 19:38:17,227 INFO    Thread-10 :16352 [dir_watcher.py:_on_file_modified():269] file/dir modified: /Users/holy_joon/ws/Reinforcement/A3C-Atari/wandb/run-20220618_192017-t9dvv91m/files/wandb-summary.json
2022-06-18 19:38:44,554 INFO    SenderThread:16352 [sender.py:_save_file():949] saving file wandb-summary.json with policy end
2022-06-18 19:38:45,397 INFO    Thread-10 :16352 [dir_watcher.py:_on_file_modified():269] file/dir modified: /Users/holy_joon/ws/Reinforcement/A3C-Atari/wandb/run-20220618_192017-t9dvv91m/files/wandb-summary.json
2022-06-18 19:39:10,857 INFO    SenderThread:16352 [sender.py:_save_file():949] saving file wandb-summary.json with policy end
2022-06-18 19:39:11,496 INFO    Thread-10 :16352 [dir_watcher.py:_on_file_modified():269] file/dir modified: /Users/holy_joon/ws/Reinforcement/A3C-Atari/wandb/run-20220618_192017-t9dvv91m/files/wandb-summary.json
2022-06-18 19:39:36,956 INFO    SenderThread:16352 [sender.py:_save_file():949] saving file wandb-summary.json with policy end
2022-06-18 19:39:37,615 INFO    Thread-10 :16352 [dir_watcher.py:_on_file_modified():269] file/dir modified: /Users/holy_joon/ws/Reinforcement/A3C-Atari/wandb/run-20220618_192017-t9dvv91m/files/wandb-summary.json
2022-06-18 19:40:02,557 INFO    SenderThread:16352 [sender.py:_save_file():949] saving file wandb-summary.json with policy end
2022-06-18 19:40:02,760 INFO    Thread-10 :16352 [dir_watcher.py:_on_file_modified():269] file/dir modified: /Users/holy_joon/ws/Reinforcement/A3C-Atari/wandb/run-20220618_192017-t9dvv91m/files/wandb-summary.json
2022-06-18 19:40:28,534 INFO    SenderThread:16352 [sender.py:_save_file():949] saving file wandb-summary.json with policy end
2022-06-18 19:40:28,911 INFO    Thread-10 :16352 [dir_watcher.py:_on_file_modified():269] file/dir modified: /Users/holy_joon/ws/Reinforcement/A3C-Atari/wandb/run-20220618_192017-t9dvv91m/files/wandb-summary.json
2022-06-18 19:40:55,296 INFO    SenderThread:16352 [sender.py:_save_file():949] saving file wandb-summary.json with policy end
2022-06-18 19:40:56,046 INFO    Thread-10 :16352 [dir_watcher.py:_on_file_modified():269] file/dir modified: /Users/holy_joon/ws/Reinforcement/A3C-Atari/wandb/run-20220618_192017-t9dvv91m/files/wandb-summary.json
2022-06-18 19:41:21,452 INFO    SenderThread:16352 [sender.py:_save_file():949] saving file wandb-summary.json with policy end
2022-06-18 19:41:22,191 INFO    Thread-10 :16352 [dir_watcher.py:_on_file_modified():269] file/dir modified: /Users/holy_joon/ws/Reinforcement/A3C-Atari/wandb/run-20220618_192017-t9dvv91m/files/wandb-summary.json
2022-06-18 19:42:15,668 INFO    SenderThread:16352 [sender.py:_save_file():949] saving file wandb-summary.json with policy end
2022-06-18 19:42:16,341 INFO    Thread-10 :16352 [dir_watcher.py:_on_file_modified():269] file/dir modified: /Users/holy_joon/ws/Reinforcement/A3C-Atari/wandb/run-20220618_192017-t9dvv91m/files/wandb-summary.json
2022-06-18 19:42:46,568 INFO    SenderThread:16352 [sender.py:_save_file():949] saving file wandb-summary.json with policy end
2022-06-18 19:42:47,402 INFO    Thread-10 :16352 [dir_watcher.py:_on_file_modified():269] file/dir modified: /Users/holy_joon/ws/Reinforcement/A3C-Atari/wandb/run-20220618_192017-t9dvv91m/files/wandb-summary.json
2022-06-18 19:43:13,743 INFO    SenderThread:16352 [sender.py:_save_file():949] saving file wandb-summary.json with policy end
2022-06-18 19:43:14,463 INFO    Thread-10 :16352 [dir_watcher.py:_on_file_modified():269] file/dir modified: /Users/holy_joon/ws/Reinforcement/A3C-Atari/wandb/run-20220618_192017-t9dvv91m/files/wandb-summary.json
2022-06-18 19:43:39,924 INFO    SenderThread:16352 [sender.py:_save_file():949] saving file wandb-summary.json with policy end
2022-06-18 19:43:40,523 INFO    Thread-10 :16352 [dir_watcher.py:_on_file_modified():269] file/dir modified: /Users/holy_joon/ws/Reinforcement/A3C-Atari/wandb/run-20220618_192017-t9dvv91m/files/wandb-summary.json
2022-06-18 19:44:06,601 INFO    SenderThread:16352 [sender.py:_save_file():949] saving file wandb-summary.json with policy end
2022-06-18 19:44:07,590 INFO    Thread-10 :16352 [dir_watcher.py:_on_file_modified():269] file/dir modified: /Users/holy_joon/ws/Reinforcement/A3C-Atari/wandb/run-20220618_192017-t9dvv91m/files/wandb-summary.json
2022-06-18 19:44:34,511 INFO    SenderThread:16352 [sender.py:_save_file():949] saving file wandb-summary.json with policy end
2022-06-18 19:44:34,749 INFO    Thread-10 :16352 [dir_watcher.py:_on_file_modified():269] file/dir modified: /Users/holy_joon/ws/Reinforcement/A3C-Atari/wandb/run-20220618_192017-t9dvv91m/files/wandb-summary.json
2022-06-18 19:45:03,126 INFO    SenderThread:16352 [sender.py:_save_file():949] saving file wandb-summary.json with policy end
2022-06-18 19:45:03,802 INFO    Thread-10 :16352 [dir_watcher.py:_on_file_modified():269] file/dir modified: /Users/holy_joon/ws/Reinforcement/A3C-Atari/wandb/run-20220618_192017-t9dvv91m/files/wandb-summary.json
2022-06-18 19:45:29,977 INFO    SenderThread:16352 [sender.py:_save_file():949] saving file wandb-summary.json with policy end
2022-06-18 19:45:30,868 INFO    Thread-10 :16352 [dir_watcher.py:_on_file_modified():269] file/dir modified: /Users/holy_joon/ws/Reinforcement/A3C-Atari/wandb/run-20220618_192017-t9dvv91m/files/wandb-summary.json
2022-06-18 19:45:56,339 INFO    SenderThread:16352 [sender.py:_save_file():949] saving file wandb-summary.json with policy end
2022-06-18 19:45:56,925 INFO    Thread-10 :16352 [dir_watcher.py:_on_file_modified():269] file/dir modified: /Users/holy_joon/ws/Reinforcement/A3C-Atari/wandb/run-20220618_192017-t9dvv91m/files/wandb-summary.json
2022-06-18 19:46:22,907 INFO    SenderThread:16352 [sender.py:_save_file():949] saving file wandb-summary.json with policy end
2022-06-18 19:46:23,110 INFO    Thread-10 :16352 [dir_watcher.py:_on_file_modified():269] file/dir modified: /Users/holy_joon/ws/Reinforcement/A3C-Atari/wandb/run-20220618_192017-t9dvv91m/files/wandb-summary.json
2022-06-18 19:46:53,626 INFO    SenderThread:16352 [sender.py:_save_file():949] saving file wandb-summary.json with policy end
2022-06-18 19:46:54,194 INFO    Thread-10 :16352 [dir_watcher.py:_on_file_modified():269] file/dir modified: /Users/holy_joon/ws/Reinforcement/A3C-Atari/wandb/run-20220618_192017-t9dvv91m/files/wandb-summary.json
2022-06-18 19:47:47,027 INFO    SenderThread:16352 [sender.py:_save_file():949] saving file wandb-summary.json with policy end
2022-06-18 19:47:47,487 INFO    Thread-10 :16352 [dir_watcher.py:_on_file_modified():269] file/dir modified: /Users/holy_joon/ws/Reinforcement/A3C-Atari/wandb/run-20220618_192017-t9dvv91m/files/wandb-summary.json
2022-06-18 19:48:16,676 INFO    SenderThread:16352 [sender.py:_save_file():949] saving file wandb-summary.json with policy end
2022-06-18 19:48:17,653 INFO    Thread-10 :16352 [dir_watcher.py:_on_file_modified():269] file/dir modified: /Users/holy_joon/ws/Reinforcement/A3C-Atari/wandb/run-20220618_192017-t9dvv91m/files/wandb-summary.json
2022-06-18 19:48:47,346 INFO    SenderThread:16352 [sender.py:_save_file():949] saving file wandb-summary.json with policy end
2022-06-18 19:48:47,820 INFO    Thread-10 :16352 [dir_watcher.py:_on_file_modified():269] file/dir modified: /Users/holy_joon/ws/Reinforcement/A3C-Atari/wandb/run-20220618_192017-t9dvv91m/files/wandb-summary.json
2022-06-18 19:49:14,143 INFO    SenderThread:16352 [sender.py:_save_file():949] saving file wandb-summary.json with policy end
2022-06-18 19:49:14,940 INFO    Thread-10 :16352 [dir_watcher.py:_on_file_modified():269] file/dir modified: /Users/holy_joon/ws/Reinforcement/A3C-Atari/wandb/run-20220618_192017-t9dvv91m/files/wandb-summary.json
2022-06-18 19:49:40,261 INFO    SenderThread:16352 [sender.py:_save_file():949] saving file wandb-summary.json with policy end
2022-06-18 19:49:41,045 INFO    Thread-10 :16352 [dir_watcher.py:_on_file_modified():269] file/dir modified: /Users/holy_joon/ws/Reinforcement/A3C-Atari/wandb/run-20220618_192017-t9dvv91m/files/wandb-summary.json
2022-06-18 19:50:12,726 INFO    SenderThread:16352 [sender.py:_save_file():949] saving file wandb-summary.json with policy end
2022-06-18 19:50:13,200 INFO    Thread-10 :16352 [dir_watcher.py:_on_file_modified():269] file/dir modified: /Users/holy_joon/ws/Reinforcement/A3C-Atari/wandb/run-20220618_192017-t9dvv91m/files/wandb-summary.json
2022-06-18 19:50:46,236 INFO    SenderThread:16352 [sender.py:_save_file():949] saving file wandb-summary.json with policy end
2022-06-18 19:50:46,457 INFO    Thread-10 :16352 [dir_watcher.py:_on_file_modified():269] file/dir modified: /Users/holy_joon/ws/Reinforcement/A3C-Atari/wandb/run-20220618_192017-t9dvv91m/files/wandb-summary.json
2022-06-18 19:51:13,141 INFO    SenderThread:16352 [sender.py:_save_file():949] saving file wandb-summary.json with policy end
2022-06-18 19:51:13,595 INFO    Thread-10 :16352 [dir_watcher.py:_on_file_modified():269] file/dir modified: /Users/holy_joon/ws/Reinforcement/A3C-Atari/wandb/run-20220618_192017-t9dvv91m/files/wandb-summary.json
2022-06-18 19:51:39,736 INFO    SenderThread:16352 [sender.py:_save_file():949] saving file wandb-summary.json with policy end
2022-06-18 19:51:39,737 INFO    Thread-10 :16352 [dir_watcher.py:_on_file_modified():269] file/dir modified: /Users/holy_joon/ws/Reinforcement/A3C-Atari/wandb/run-20220618_192017-t9dvv91m/files/wandb-summary.json
2022-06-18 19:52:07,170 INFO    SenderThread:16352 [sender.py:_save_file():949] saving file wandb-summary.json with policy end
2022-06-18 19:52:07,866 INFO    Thread-10 :16352 [dir_watcher.py:_on_file_modified():269] file/dir modified: /Users/holy_joon/ws/Reinforcement/A3C-Atari/wandb/run-20220618_192017-t9dvv91m/files/wandb-summary.json
2022-06-18 19:52:34,391 INFO    SenderThread:16352 [sender.py:_save_file():949] saving file wandb-summary.json with policy end
2022-06-18 19:52:34,980 INFO    Thread-10 :16352 [dir_watcher.py:_on_file_modified():269] file/dir modified: /Users/holy_joon/ws/Reinforcement/A3C-Atari/wandb/run-20220618_192017-t9dvv91m/files/wandb-summary.json
2022-06-18 19:53:01,947 INFO    SenderThread:16352 [sender.py:_save_file():949] saving file wandb-summary.json with policy end
2022-06-18 19:53:02,152 INFO    Thread-10 :16352 [dir_watcher.py:_on_file_modified():269] file/dir modified: /Users/holy_joon/ws/Reinforcement/A3C-Atari/wandb/run-20220618_192017-t9dvv91m/files/wandb-summary.json
2022-06-18 19:53:28,808 INFO    SenderThread:16352 [sender.py:_save_file():949] saving file wandb-summary.json with policy end
2022-06-18 19:53:29,298 INFO    Thread-10 :16352 [dir_watcher.py:_on_file_modified():269] file/dir modified: /Users/holy_joon/ws/Reinforcement/A3C-Atari/wandb/run-20220618_192017-t9dvv91m/files/wandb-summary.json
2022-06-18 19:53:55,071 INFO    SenderThread:16352 [sender.py:_save_file():949] saving file wandb-summary.json with policy end
2022-06-18 19:53:55,455 INFO    Thread-10 :16352 [dir_watcher.py:_on_file_modified():269] file/dir modified: /Users/holy_joon/ws/Reinforcement/A3C-Atari/wandb/run-20220618_192017-t9dvv91m/files/wandb-summary.json
2022-06-18 19:54:21,931 INFO    SenderThread:16352 [sender.py:_save_file():949] saving file wandb-summary.json with policy end
2022-06-18 19:54:22,577 INFO    Thread-10 :16352 [dir_watcher.py:_on_file_modified():269] file/dir modified: /Users/holy_joon/ws/Reinforcement/A3C-Atari/wandb/run-20220618_192017-t9dvv91m/files/wandb-summary.json
2022-06-18 19:55:07,916 INFO    SenderThread:16352 [sender.py:_save_file():949] saving file wandb-summary.json with policy end
2022-06-18 19:55:08,853 INFO    Thread-10 :16352 [dir_watcher.py:_on_file_modified():269] file/dir modified: /Users/holy_joon/ws/Reinforcement/A3C-Atari/wandb/run-20220618_192017-t9dvv91m/files/wandb-summary.json
2022-06-18 19:55:36,731 INFO    SenderThread:16352 [sender.py:_save_file():949] saving file wandb-summary.json with policy end
2022-06-18 19:55:36,973 INFO    Thread-10 :16352 [dir_watcher.py:_on_file_modified():269] file/dir modified: /Users/holy_joon/ws/Reinforcement/A3C-Atari/wandb/run-20220618_192017-t9dvv91m/files/wandb-summary.json
2022-06-18 19:56:03,678 INFO    SenderThread:16352 [sender.py:_save_file():949] saving file wandb-summary.json with policy end
2022-06-18 19:56:04,069 INFO    Thread-10 :16352 [dir_watcher.py:_on_file_modified():269] file/dir modified: /Users/holy_joon/ws/Reinforcement/A3C-Atari/wandb/run-20220618_192017-t9dvv91m/files/wandb-summary.json
2022-06-18 19:56:32,924 INFO    SenderThread:16352 [sender.py:_save_file():949] saving file wandb-summary.json with policy end
2022-06-18 19:56:33,238 INFO    Thread-10 :16352 [dir_watcher.py:_on_file_modified():269] file/dir modified: /Users/holy_joon/ws/Reinforcement/A3C-Atari/wandb/run-20220618_192017-t9dvv91m/files/wandb-summary.json
2022-06-18 19:56:59,711 INFO    SenderThread:16352 [sender.py:_save_file():949] saving file wandb-summary.json with policy end
2022-06-18 19:57:00,350 INFO    Thread-10 :16352 [dir_watcher.py:_on_file_modified():269] file/dir modified: /Users/holy_joon/ws/Reinforcement/A3C-Atari/wandb/run-20220618_192017-t9dvv91m/files/wandb-summary.json
2022-06-18 19:58:00,478 INFO    SenderThread:16352 [sender.py:_save_file():949] saving file wandb-summary.json with policy end
2022-06-18 19:58:00,953 INFO    Thread-10 :16352 [dir_watcher.py:_on_file_modified():269] file/dir modified: /Users/holy_joon/ws/Reinforcement/A3C-Atari/wandb/run-20220618_192017-t9dvv91m/files/wandb-summary.json
2022-06-18 19:59:23,637 INFO    SenderThread:16352 [sender.py:_save_file():949] saving file wandb-summary.json with policy end
2022-06-18 19:59:24,375 INFO    Thread-10 :16352 [dir_watcher.py:_on_file_modified():269] file/dir modified: /Users/holy_joon/ws/Reinforcement/A3C-Atari/wandb/run-20220618_192017-t9dvv91m/files/wandb-summary.json
2022-06-18 20:00:38,108 INFO    SenderThread:16352 [sender.py:_save_file():949] saving file wandb-summary.json with policy end
2022-06-18 20:00:38,739 INFO    Thread-10 :16352 [dir_watcher.py:_on_file_modified():269] file/dir modified: /Users/holy_joon/ws/Reinforcement/A3C-Atari/wandb/run-20220618_192017-t9dvv91m/files/wandb-summary.json
2022-06-18 20:01:50,082 INFO    SenderThread:16352 [sender.py:_save_file():949] saving file wandb-summary.json with policy end
2022-06-18 20:01:50,893 INFO    Thread-10 :16352 [dir_watcher.py:_on_file_modified():269] file/dir modified: /Users/holy_joon/ws/Reinforcement/A3C-Atari/wandb/run-20220618_192017-t9dvv91m/files/wandb-summary.json
2022-06-18 20:02:59,447 INFO    SenderThread:16352 [sender.py:_save_file():949] saving file wandb-summary.json with policy end
2022-06-18 20:03:00,043 INFO    Thread-10 :16352 [dir_watcher.py:_on_file_modified():269] file/dir modified: /Users/holy_joon/ws/Reinforcement/A3C-Atari/wandb/run-20220618_192017-t9dvv91m/files/wandb-summary.json
2022-06-18 20:03:58,346 INFO    SenderThread:16352 [sender.py:_save_file():949] saving file wandb-summary.json with policy end
2022-06-18 20:03:59,173 INFO    Thread-10 :16352 [dir_watcher.py:_on_file_modified():269] file/dir modified: /Users/holy_joon/ws/Reinforcement/A3C-Atari/wandb/run-20220618_192017-t9dvv91m/files/wandb-summary.json
2022-06-18 20:05:02,993 INFO    SenderThread:16352 [sender.py:_save_file():949] saving file wandb-summary.json with policy end
2022-06-18 20:05:03,488 INFO    Thread-10 :16352 [dir_watcher.py:_on_file_modified():269] file/dir modified: /Users/holy_joon/ws/Reinforcement/A3C-Atari/wandb/run-20220618_192017-t9dvv91m/files/wandb-summary.json
2022-06-18 20:06:09,515 INFO    SenderThread:16352 [sender.py:_save_file():949] saving file wandb-summary.json with policy end
2022-06-18 20:06:10,055 INFO    Thread-10 :16352 [dir_watcher.py:_on_file_modified():269] file/dir modified: /Users/holy_joon/ws/Reinforcement/A3C-Atari/wandb/run-20220618_192017-t9dvv91m/files/wandb-summary.json
2022-06-18 20:07:27,668 INFO    SenderThread:16352 [sender.py:_save_file():949] saving file wandb-summary.json with policy end
2022-06-18 20:07:28,663 INFO    Thread-10 :16352 [dir_watcher.py:_on_file_modified():269] file/dir modified: /Users/holy_joon/ws/Reinforcement/A3C-Atari/wandb/run-20220618_192017-t9dvv91m/files/wandb-summary.json
2022-06-18 20:08:39,067 INFO    SenderThread:16352 [sender.py:_save_file():949] saving file wandb-summary.json with policy end
2022-06-18 20:08:39,853 INFO    Thread-10 :16352 [dir_watcher.py:_on_file_modified():269] file/dir modified: /Users/holy_joon/ws/Reinforcement/A3C-Atari/wandb/run-20220618_192017-t9dvv91m/files/wandb-summary.json
2022-06-18 20:09:47,754 INFO    SenderThread:16352 [sender.py:_save_file():949] saving file wandb-summary.json with policy end
2022-06-18 20:09:48,329 INFO    Thread-10 :16352 [dir_watcher.py:_on_file_modified():269] file/dir modified: /Users/holy_joon/ws/Reinforcement/A3C-Atari/wandb/run-20220618_192017-t9dvv91m/files/wandb-summary.json
2022-06-18 20:10:49,411 INFO    SenderThread:16352 [sender.py:_save_file():949] saving file wandb-summary.json with policy end
2022-06-18 20:10:49,906 INFO    Thread-10 :16352 [dir_watcher.py:_on_file_modified():269] file/dir modified: /Users/holy_joon/ws/Reinforcement/A3C-Atari/wandb/run-20220618_192017-t9dvv91m/files/wandb-summary.json
2022-06-18 20:12:01,308 INFO    SenderThread:16352 [sender.py:_save_file():949] saving file wandb-summary.json with policy end
2022-06-18 20:12:01,899 INFO    Thread-10 :16352 [dir_watcher.py:_on_file_modified():269] file/dir modified: /Users/holy_joon/ws/Reinforcement/A3C-Atari/wandb/run-20220618_192017-t9dvv91m/files/wandb-summary.json
2022-06-18 20:13:07,244 INFO    SenderThread:16352 [sender.py:_save_file():949] saving file wandb-summary.json with policy end
2022-06-18 20:13:08,125 INFO    Thread-10 :16352 [dir_watcher.py:_on_file_modified():269] file/dir modified: /Users/holy_joon/ws/Reinforcement/A3C-Atari/wandb/run-20220618_192017-t9dvv91m/files/wandb-summary.json
2022-06-18 20:14:22,950 INFO    SenderThread:16352 [sender.py:_save_file():949] saving file wandb-summary.json with policy end
2022-06-18 20:14:23,610 INFO    Thread-10 :16352 [dir_watcher.py:_on_file_modified():269] file/dir modified: /Users/holy_joon/ws/Reinforcement/A3C-Atari/wandb/run-20220618_192017-t9dvv91m/files/wandb-summary.json
2022-06-18 20:15:43,589 INFO    SenderThread:16352 [sender.py:_save_file():949] saving file wandb-summary.json with policy end
2022-06-18 20:15:44,234 INFO    Thread-10 :16352 [dir_watcher.py:_on_file_modified():269] file/dir modified: /Users/holy_joon/ws/Reinforcement/A3C-Atari/wandb/run-20220618_192017-t9dvv91m/files/wandb-summary.json
2022-06-18 20:17:09,823 INFO    SenderThread:16352 [sender.py:_save_file():949] saving file wandb-summary.json with policy end
2022-06-18 20:17:10,610 INFO    Thread-10 :16352 [dir_watcher.py:_on_file_modified():269] file/dir modified: /Users/holy_joon/ws/Reinforcement/A3C-Atari/wandb/run-20220618_192017-t9dvv91m/files/wandb-summary.json
2022-06-18 20:18:36,589 INFO    SenderThread:16352 [sender.py:_save_file():949] saving file wandb-summary.json with policy end
2022-06-18 20:18:37,298 INFO    Thread-10 :16352 [dir_watcher.py:_on_file_modified():269] file/dir modified: /Users/holy_joon/ws/Reinforcement/A3C-Atari/wandb/run-20220618_192017-t9dvv91m/files/wandb-summary.json
2022-06-18 20:19:59,487 INFO    SenderThread:16352 [sender.py:_save_file():949] saving file wandb-summary.json with policy end
2022-06-18 20:20:00,150 INFO    Thread-10 :16352 [dir_watcher.py:_on_file_modified():269] file/dir modified: /Users/holy_joon/ws/Reinforcement/A3C-Atari/wandb/run-20220618_192017-t9dvv91m/files/wandb-summary.json
2022-06-18 20:21:32,560 INFO    SenderThread:16352 [sender.py:_save_file():949] saving file wandb-summary.json with policy end
2022-06-18 20:21:32,568 INFO    Thread-10 :16352 [dir_watcher.py:_on_file_modified():269] file/dir modified: /Users/holy_joon/ws/Reinforcement/A3C-Atari/wandb/run-20220618_192017-t9dvv91m/files/wandb-summary.json
2022-06-18 20:23:19,097 INFO    SenderThread:16352 [sender.py:_save_file():949] saving file wandb-summary.json with policy end
2022-06-18 20:23:20,068 INFO    Thread-10 :16352 [dir_watcher.py:_on_file_modified():269] file/dir modified: /Users/holy_joon/ws/Reinforcement/A3C-Atari/wandb/run-20220618_192017-t9dvv91m/files/wandb-summary.json
2022-06-18 20:25:12,025 INFO    SenderThread:16352 [sender.py:_save_file():949] saving file wandb-summary.json with policy end
2022-06-18 20:25:12,815 INFO    Thread-10 :16352 [dir_watcher.py:_on_file_modified():269] file/dir modified: /Users/holy_joon/ws/Reinforcement/A3C-Atari/wandb/run-20220618_192017-t9dvv91m/files/wandb-summary.json
2022-06-18 20:27:04,754 INFO    SenderThread:16352 [sender.py:_save_file():949] saving file wandb-summary.json with policy end
2022-06-18 20:27:05,603 INFO    Thread-10 :16352 [dir_watcher.py:_on_file_modified():269] file/dir modified: /Users/holy_joon/ws/Reinforcement/A3C-Atari/wandb/run-20220618_192017-t9dvv91m/files/wandb-summary.json
2022-06-18 20:28:57,777 INFO    SenderThread:16352 [sender.py:_save_file():949] saving file wandb-summary.json with policy end
2022-06-18 20:28:58,624 INFO    Thread-10 :16352 [dir_watcher.py:_on_file_modified():269] file/dir modified: /Users/holy_joon/ws/Reinforcement/A3C-Atari/wandb/run-20220618_192017-t9dvv91m/files/wandb-summary.json
2022-06-18 20:30:32,818 INFO    SenderThread:16352 [sender.py:_save_file():949] saving file wandb-summary.json with policy end
2022-06-18 20:30:33,546 INFO    Thread-10 :16352 [dir_watcher.py:_on_file_modified():269] file/dir modified: /Users/holy_joon/ws/Reinforcement/A3C-Atari/wandb/run-20220618_192017-t9dvv91m/files/wandb-summary.json
2022-06-18 20:32:02,633 INFO    SenderThread:16352 [sender.py:_save_file():949] saving file wandb-summary.json with policy end
2022-06-18 20:32:03,471 INFO    Thread-10 :16352 [dir_watcher.py:_on_file_modified():269] file/dir modified: /Users/holy_joon/ws/Reinforcement/A3C-Atari/wandb/run-20220618_192017-t9dvv91m/files/wandb-summary.json
2022-06-18 20:33:56,134 INFO    SenderThread:16352 [sender.py:_save_file():949] saving file wandb-summary.json with policy end
2022-06-18 20:33:56,911 INFO    Thread-10 :16352 [dir_watcher.py:_on_file_modified():269] file/dir modified: /Users/holy_joon/ws/Reinforcement/A3C-Atari/wandb/run-20220618_192017-t9dvv91m/files/wandb-summary.json
2022-06-18 20:35:57,024 INFO    SenderThread:16352 [sender.py:_save_file():949] saving file wandb-summary.json with policy end
2022-06-18 20:35:57,879 INFO    Thread-10 :16352 [dir_watcher.py:_on_file_modified():269] file/dir modified: /Users/holy_joon/ws/Reinforcement/A3C-Atari/wandb/run-20220618_192017-t9dvv91m/files/wandb-summary.json
2022-06-18 20:37:36,131 INFO    SenderThread:16352 [sender.py:_save_file():949] saving file wandb-summary.json with policy end
2022-06-18 20:37:36,957 INFO    Thread-10 :16352 [dir_watcher.py:_on_file_modified():269] file/dir modified: /Users/holy_joon/ws/Reinforcement/A3C-Atari/wandb/run-20220618_192017-t9dvv91m/files/wandb-summary.json
2022-06-18 20:39:15,758 INFO    SenderThread:16352 [sender.py:_save_file():949] saving file wandb-summary.json with policy end
2022-06-18 20:39:16,549 INFO    Thread-10 :16352 [dir_watcher.py:_on_file_modified():269] file/dir modified: /Users/holy_joon/ws/Reinforcement/A3C-Atari/wandb/run-20220618_192017-t9dvv91m/files/wandb-summary.json
2022-06-18 20:40:45,399 INFO    SenderThread:16352 [sender.py:_save_file():949] saving file wandb-summary.json with policy end
2022-06-18 20:40:46,161 INFO    Thread-10 :16352 [dir_watcher.py:_on_file_modified():269] file/dir modified: /Users/holy_joon/ws/Reinforcement/A3C-Atari/wandb/run-20220618_192017-t9dvv91m/files/wandb-summary.json
2022-06-18 20:43:10,830 INFO    SenderThread:16352 [sender.py:_save_file():949] saving file wandb-summary.json with policy end
2022-06-18 20:43:11,847 INFO    Thread-10 :16352 [dir_watcher.py:_on_file_modified():269] file/dir modified: /Users/holy_joon/ws/Reinforcement/A3C-Atari/wandb/run-20220618_192017-t9dvv91m/files/wandb-summary.json
2022-06-18 20:44:43,607 INFO    SenderThread:16352 [sender.py:_save_file():949] saving file wandb-summary.json with policy end
2022-06-18 20:44:44,335 INFO    Thread-10 :16352 [dir_watcher.py:_on_file_modified():269] file/dir modified: /Users/holy_joon/ws/Reinforcement/A3C-Atari/wandb/run-20220618_192017-t9dvv91m/files/wandb-summary.json
2022-06-18 20:46:25,402 INFO    SenderThread:16352 [sender.py:_save_file():949] saving file wandb-summary.json with policy end
2022-06-18 20:46:26,150 INFO    Thread-10 :16352 [dir_watcher.py:_on_file_modified():269] file/dir modified: /Users/holy_joon/ws/Reinforcement/A3C-Atari/wandb/run-20220618_192017-t9dvv91m/files/wandb-summary.json
2022-06-18 20:48:43,378 INFO    SenderThread:16352 [sender.py:_save_file():949] saving file wandb-summary.json with policy end
2022-06-18 20:48:44,408 INFO    Thread-10 :16352 [dir_watcher.py:_on_file_modified():269] file/dir modified: /Users/holy_joon/ws/Reinforcement/A3C-Atari/wandb/run-20220618_192017-t9dvv91m/files/wandb-summary.json
2022-06-18 20:50:53,992 INFO    SenderThread:16352 [sender.py:_save_file():949] saving file wandb-summary.json with policy end
2022-06-18 20:50:54,956 INFO    Thread-10 :16352 [dir_watcher.py:_on_file_modified():269] file/dir modified: /Users/holy_joon/ws/Reinforcement/A3C-Atari/wandb/run-20220618_192017-t9dvv91m/files/wandb-summary.json
2022-06-18 20:53:19,797 INFO    SenderThread:16352 [sender.py:_save_file():949] saving file wandb-summary.json with policy end
2022-06-18 20:53:20,913 INFO    Thread-10 :16352 [dir_watcher.py:_on_file_modified():269] file/dir modified: /Users/holy_joon/ws/Reinforcement/A3C-Atari/wandb/run-20220618_192017-t9dvv91m/files/wandb-summary.json
2022-06-18 20:55:20,843 INFO    SenderThread:16352 [sender.py:_save_file():949] saving file wandb-summary.json with policy end
2022-06-18 20:55:21,743 INFO    Thread-10 :16352 [dir_watcher.py:_on_file_modified():269] file/dir modified: /Users/holy_joon/ws/Reinforcement/A3C-Atari/wandb/run-20220618_192017-t9dvv91m/files/wandb-summary.json
2022-06-18 20:58:17,309 INFO    SenderThread:16352 [sender.py:_save_file():949] saving file wandb-summary.json with policy end
2022-06-18 20:58:18,516 INFO    Thread-10 :16352 [dir_watcher.py:_on_file_modified():269] file/dir modified: /Users/holy_joon/ws/Reinforcement/A3C-Atari/wandb/run-20220618_192017-t9dvv91m/files/wandb-summary.json
2022-06-18 21:00:39,988 INFO    SenderThread:16352 [sender.py:_save_file():949] saving file wandb-summary.json with policy end
2022-06-18 21:00:41,103 INFO    Thread-10 :16352 [dir_watcher.py:_on_file_modified():269] file/dir modified: /Users/holy_joon/ws/Reinforcement/A3C-Atari/wandb/run-20220618_192017-t9dvv91m/files/wandb-summary.json
2022-06-18 21:04:07,860 INFO    SenderThread:16352 [sender.py:_save_file():949] saving file wandb-summary.json with policy end
2022-06-18 21:04:09,407 INFO    Thread-10 :16352 [dir_watcher.py:_on_file_modified():269] file/dir modified: /Users/holy_joon/ws/Reinforcement/A3C-Atari/wandb/run-20220618_192017-t9dvv91m/files/wandb-summary.json
2022-06-18 21:07:48,329 INFO    SenderThread:16352 [sender.py:_save_file():949] saving file wandb-summary.json with policy end
2022-06-18 21:07:50,041 INFO    Thread-10 :16352 [dir_watcher.py:_on_file_modified():269] file/dir modified: /Users/holy_joon/ws/Reinforcement/A3C-Atari/wandb/run-20220618_192017-t9dvv91m/files/wandb-summary.json
2022-06-18 21:12:35,662 INFO    SenderThread:16352 [sender.py:_save_file():949] saving file wandb-summary.json with policy end
2022-06-18 21:12:37,790 INFO    Thread-10 :16352 [dir_watcher.py:_on_file_modified():269] file/dir modified: /Users/holy_joon/ws/Reinforcement/A3C-Atari/wandb/run-20220618_192017-t9dvv91m/files/wandb-summary.json
2022-06-18 21:16:09,988 INFO    SenderThread:16352 [sender.py:_save_file():949] saving file wandb-summary.json with policy end
2022-06-18 21:16:11,557 INFO    Thread-10 :16352 [dir_watcher.py:_on_file_modified():269] file/dir modified: /Users/holy_joon/ws/Reinforcement/A3C-Atari/wandb/run-20220618_192017-t9dvv91m/files/wandb-summary.json
2022-06-18 21:20:17,057 INFO    SenderThread:16352 [sender.py:_save_file():949] saving file wandb-summary.json with policy end
2022-06-18 21:20:18,864 INFO    Thread-10 :16352 [dir_watcher.py:_on_file_modified():269] file/dir modified: /Users/holy_joon/ws/Reinforcement/A3C-Atari/wandb/run-20220618_192017-t9dvv91m/files/wandb-summary.json
2022-06-18 21:25:57,376 INFO    SenderThread:16352 [sender.py:_save_file():949] saving file wandb-summary.json with policy end
2022-06-18 21:26:01,336 INFO    Thread-10 :16352 [dir_watcher.py:_on_file_modified():269] file/dir modified: /Users/holy_joon/ws/Reinforcement/A3C-Atari/wandb/run-20220618_192017-t9dvv91m/files/wandb-summary.json
2022-06-18 21:31:06,791 INFO    SenderThread:16352 [sender.py:_save_file():949] saving file wandb-summary.json with policy end
2022-06-18 21:31:08,890 INFO    Thread-10 :16352 [dir_watcher.py:_on_file_modified():269] file/dir modified: /Users/holy_joon/ws/Reinforcement/A3C-Atari/wandb/run-20220618_192017-t9dvv91m/files/wandb-summary.json
2022-06-18 21:35:35,907 INFO    SenderThread:16352 [sender.py:_save_file():949] saving file wandb-summary.json with policy end
2022-06-18 21:35:37,824 INFO    Thread-10 :16352 [dir_watcher.py:_on_file_modified():269] file/dir modified: /Users/holy_joon/ws/Reinforcement/A3C-Atari/wandb/run-20220618_192017-t9dvv91m/files/wandb-summary.json
2022-06-18 21:41:17,463 INFO    SenderThread:16352 [sender.py:_save_file():949] saving file wandb-summary.json with policy end
2022-06-18 21:41:20,175 INFO    Thread-10 :16352 [dir_watcher.py:_on_file_modified():269] file/dir modified: /Users/holy_joon/ws/Reinforcement/A3C-Atari/wandb/run-20220618_192017-t9dvv91m/files/wandb-summary.json
2022-06-18 21:47:59,658 INFO    SenderThread:16352 [sender.py:_save_file():949] saving file wandb-summary.json with policy end
2022-06-18 21:48:03,850 INFO    Thread-10 :16352 [dir_watcher.py:_on_file_modified():269] file/dir modified: /Users/holy_joon/ws/Reinforcement/A3C-Atari/wandb/run-20220618_192017-t9dvv91m/files/wandb-summary.json
2022-06-18 21:52:19,024 INFO    SenderThread:16352 [sender.py:_save_file():949] saving file wandb-summary.json with policy end
2022-06-18 21:52:20,814 INFO    Thread-10 :16352 [dir_watcher.py:_on_file_modified():269] file/dir modified: /Users/holy_joon/ws/Reinforcement/A3C-Atari/wandb/run-20220618_192017-t9dvv91m/files/wandb-summary.json
2022-06-18 22:07:43,586 ERROR   SenderThread:16352 [retry.py:__call__():126] Retry attempt failed:
Traceback (most recent call last):
  File "/Users/holy_joon/anaconda3/envs/pyml/lib/python3.7/site-packages/urllib3/connection.py", line 175, in _new_conn
    (self._dns_host, self.port), self.timeout, **extra_kw
  File "/Users/holy_joon/anaconda3/envs/pyml/lib/python3.7/site-packages/urllib3/util/connection.py", line 72, in create_connection
    for res in socket.getaddrinfo(host, port, family, socket.SOCK_STREAM):
  File "/Users/holy_joon/anaconda3/envs/pyml/lib/python3.7/socket.py", line 752, in getaddrinfo
    for res in _socket.getaddrinfo(host, port, family, type, proto, flags):
socket.gaierror: [Errno 8] nodename nor servname provided, or not known

During handling of the above exception, another exception occurred:

Traceback (most recent call last):
  File "/Users/holy_joon/anaconda3/envs/pyml/lib/python3.7/site-packages/urllib3/connectionpool.py", line 710, in urlopen
    chunked=chunked,
  File "/Users/holy_joon/anaconda3/envs/pyml/lib/python3.7/site-packages/urllib3/connectionpool.py", line 386, in _make_request
    self._validate_conn(conn)
  File "/Users/holy_joon/anaconda3/envs/pyml/lib/python3.7/site-packages/urllib3/connectionpool.py", line 1040, in _validate_conn
    conn.connect()
  File "/Users/holy_joon/anaconda3/envs/pyml/lib/python3.7/site-packages/urllib3/connection.py", line 358, in connect
    conn = self._new_conn()
  File "/Users/holy_joon/anaconda3/envs/pyml/lib/python3.7/site-packages/urllib3/connection.py", line 187, in _new_conn
    self, "Failed to establish a new connection: %s" % e
urllib3.exceptions.NewConnectionError: <urllib3.connection.HTTPSConnection object at 0x7f801e3b1e10>: Failed to establish a new connection: [Errno 8] nodename nor servname provided, or not known

During handling of the above exception, another exception occurred:

Traceback (most recent call last):
  File "/Users/holy_joon/anaconda3/envs/pyml/lib/python3.7/site-packages/requests/adapters.py", line 450, in send
    timeout=timeout
  File "/Users/holy_joon/anaconda3/envs/pyml/lib/python3.7/site-packages/urllib3/connectionpool.py", line 786, in urlopen
    method, url, error=e, _pool=self, _stacktrace=sys.exc_info()[2]
  File "/Users/holy_joon/anaconda3/envs/pyml/lib/python3.7/site-packages/urllib3/util/retry.py", line 592, in increment
    raise MaxRetryError(_pool, url, error or ResponseError(cause))
urllib3.exceptions.MaxRetryError: HTTPSConnectionPool(host='api.wandb.ai', port=443): Max retries exceeded with url: /graphql (Caused by NewConnectionError('<urllib3.connection.HTTPSConnection object at 0x7f801e3b1e10>: Failed to establish a new connection: [Errno 8] nodename nor servname provided, or not known'))

During handling of the above exception, another exception occurred:

Traceback (most recent call last):
  File "/Users/holy_joon/anaconda3/envs/pyml/lib/python3.7/site-packages/wandb/sdk/lib/retry.py", line 102, in __call__
    result = self._call_fn(*args, **kwargs)
  File "/Users/holy_joon/anaconda3/envs/pyml/lib/python3.7/site-packages/wandb/sdk/internal/internal_api.py", line 140, in execute
    return self.client.execute(*args, **kwargs)
  File "/Users/holy_joon/anaconda3/envs/pyml/lib/python3.7/site-packages/wandb/vendor/gql-0.2.0/wandb_gql/client.py", line 52, in execute
    result = self._get_result(document, *args, **kwargs)
  File "/Users/holy_joon/anaconda3/envs/pyml/lib/python3.7/site-packages/wandb/vendor/gql-0.2.0/wandb_gql/client.py", line 60, in _get_result
    return self.transport.execute(document, *args, **kwargs)
  File "/Users/holy_joon/anaconda3/envs/pyml/lib/python3.7/site-packages/wandb/vendor/gql-0.2.0/wandb_gql/transport/requests.py", line 38, in execute
    request = requests.post(self.url, **post_args)
  File "/Users/holy_joon/anaconda3/envs/pyml/lib/python3.7/site-packages/requests/api.py", line 117, in post
    return request('post', url, data=data, json=json, **kwargs)
  File "/Users/holy_joon/anaconda3/envs/pyml/lib/python3.7/site-packages/requests/api.py", line 61, in request
    return session.request(method=method, url=url, **kwargs)
  File "/Users/holy_joon/anaconda3/envs/pyml/lib/python3.7/site-packages/requests/sessions.py", line 529, in request
    resp = self.send(prep, **send_kwargs)
  File "/Users/holy_joon/anaconda3/envs/pyml/lib/python3.7/site-packages/requests/sessions.py", line 645, in send
    r = adapter.send(request, **kwargs)
  File "/Users/holy_joon/anaconda3/envs/pyml/lib/python3.7/site-packages/requests/adapters.py", line 519, in send
    raise ConnectionError(e, request=request)
requests.exceptions.ConnectionError: HTTPSConnectionPool(host='api.wandb.ai', port=443): Max retries exceeded with url: /graphql (Caused by NewConnectionError('<urllib3.connection.HTTPSConnection object at 0x7f801e3b1e10>: Failed to establish a new connection: [Errno 8] nodename nor servname provided, or not known'))
2022-06-18 22:07:51,523 WARNING FileStreamThread:16352 [file_stream.py:request_with_retry():598] requests_with_retry encountered retryable exception: HTTPSConnectionPool(host='api.wandb.ai', port=443): Read timed out. (read timeout=None). func: <bound method Session.post of <requests.sessions.Session object at 0x7f801e37e950>>, args: ('https://api.wandb.ai/files/rml/A3C-Atari-Sungjun/t9dvv91m/file_stream',), kwargs: {'json': {'complete': False, 'failed': False, 'dropped': 0, 'uploaded': []}}
2022-06-18 22:22:26,057 WARNING FileStreamThread:16352 [file_stream.py:request_with_retry():598] requests_with_retry encountered retryable exception: HTTPSConnectionPool(host='api.wandb.ai', port=443): Max retries exceeded with url: /files/rml/A3C-Atari-Sungjun/t9dvv91m/file_stream (Caused by NewConnectionError('<urllib3.connection.HTTPSConnection object at 0x7f80218c57d0>: Failed to establish a new connection: [Errno 8] nodename nor servname provided, or not known')). func: <bound method Session.post of <requests.sessions.Session object at 0x7f801e37e950>>, args: ('https://api.wandb.ai/files/rml/A3C-Atari-Sungjun/t9dvv91m/file_stream',), kwargs: {'json': {'complete': False, 'failed': False, 'dropped': 0, 'uploaded': []}}
2022-06-18 22:22:30,083 WARNING FileStreamThread:16352 [file_stream.py:request_with_retry():598] requests_with_retry encountered retryable exception: HTTPSConnectionPool(host='api.wandb.ai', port=443): Max retries exceeded with url: /files/rml/A3C-Atari-Sungjun/t9dvv91m/file_stream (Caused by NewConnectionError('<urllib3.connection.HTTPSConnection object at 0x7f801e3b1590>: Failed to establish a new connection: [Errno 8] nodename nor servname provided, or not known')). func: <bound method Session.post of <requests.sessions.Session object at 0x7f801e37e950>>, args: ('https://api.wandb.ai/files/rml/A3C-Atari-Sungjun/t9dvv91m/file_stream',), kwargs: {'json': {'complete': False, 'failed': False, 'dropped': 0, 'uploaded': []}}
2022-06-18 22:22:39,524 WARNING FileStreamThread:16352 [file_stream.py:request_with_retry():598] requests_with_retry encountered retryable exception: HTTPSConnectionPool(host='api.wandb.ai', port=443): Max retries exceeded with url: /files/rml/A3C-Atari-Sungjun/t9dvv91m/file_stream (Caused by NewConnectionError('<urllib3.connection.HTTPSConnection object at 0x7f801e3b1750>: Failed to establish a new connection: [Errno 8] nodename nor servname provided, or not known')). func: <bound method Session.post of <requests.sessions.Session object at 0x7f801e37e950>>, args: ('https://api.wandb.ai/files/rml/A3C-Atari-Sungjun/t9dvv91m/file_stream',), kwargs: {'json': {'complete': False, 'failed': False, 'dropped': 0, 'uploaded': []}}
2022-06-18 22:26:34,529 INFO    SenderThread:16352 [sender.py:_save_file():949] saving file wandb-summary.json with policy end
2022-06-18 22:26:40,031 INFO    Thread-10 :16352 [dir_watcher.py:_on_file_modified():269] file/dir modified: /Users/holy_joon/ws/Reinforcement/A3C-Atari/wandb/run-20220618_192017-t9dvv91m/files/wandb-summary.json
2022-06-18 22:31:52,452 INFO    SenderThread:16352 [sender.py:_save_file():949] saving file wandb-summary.json with policy end
2022-06-18 22:31:54,930 INFO    Thread-10 :16352 [dir_watcher.py:_on_file_modified():269] file/dir modified: /Users/holy_joon/ws/Reinforcement/A3C-Atari/wandb/run-20220618_192017-t9dvv91m/files/wandb-summary.json
2022-06-18 22:40:05,355 INFO    SenderThread:16352 [sender.py:_save_file():949] saving file wandb-summary.json with policy end
2022-06-18 22:40:10,372 INFO    Thread-10 :16352 [dir_watcher.py:_on_file_modified():269] file/dir modified: /Users/holy_joon/ws/Reinforcement/A3C-Atari/wandb/run-20220618_192017-t9dvv91m/files/wandb-summary.json
2022-06-18 22:47:14,689 INFO    SenderThread:16352 [sender.py:_save_file():949] saving file wandb-summary.json with policy end
2022-06-18 22:47:17,862 INFO    Thread-10 :16352 [dir_watcher.py:_on_file_modified():269] file/dir modified: /Users/holy_joon/ws/Reinforcement/A3C-Atari/wandb/run-20220618_192017-t9dvv91m/files/wandb-summary.json
2022-06-18 22:53:44,039 INFO    SenderThread:16352 [sender.py:_save_file():949] saving file wandb-summary.json with policy end
2022-06-18 22:53:46,966 INFO    Thread-10 :16352 [dir_watcher.py:_on_file_modified():269] file/dir modified: /Users/holy_joon/ws/Reinforcement/A3C-Atari/wandb/run-20220618_192017-t9dvv91m/files/wandb-summary.json
2022-06-18 22:58:26,967 INFO    SenderThread:16352 [sender.py:_save_file():949] saving file wandb-summary.json with policy end
2022-06-18 22:58:29,106 INFO    Thread-10 :16352 [dir_watcher.py:_on_file_modified():269] file/dir modified: /Users/holy_joon/ws/Reinforcement/A3C-Atari/wandb/run-20220618_192017-t9dvv91m/files/wandb-summary.json
2022-06-18 23:07:51,749 INFO    SenderThread:16352 [sender.py:_save_file():949] saving file wandb-summary.json with policy end
2022-06-18 23:07:57,399 INFO    Thread-10 :16352 [dir_watcher.py:_on_file_modified():269] file/dir modified: /Users/holy_joon/ws/Reinforcement/A3C-Atari/wandb/run-20220618_192017-t9dvv91m/files/wandb-summary.json
2022-06-18 23:17:47,503 INFO    SenderThread:16352 [sender.py:_save_file():949] saving file wandb-summary.json with policy end
2022-06-18 23:17:53,583 INFO    Thread-10 :16352 [dir_watcher.py:_on_file_modified():269] file/dir modified: /Users/holy_joon/ws/Reinforcement/A3C-Atari/wandb/run-20220618_192017-t9dvv91m/files/wandb-summary.json
2022-06-18 23:25:48,163 INFO    SenderThread:16352 [sender.py:_save_file():949] saving file wandb-summary.json with policy end
2022-06-18 23:25:53,585 INFO    Thread-10 :16352 [dir_watcher.py:_on_file_modified():269] file/dir modified: /Users/holy_joon/ws/Reinforcement/A3C-Atari/wandb/run-20220618_192017-t9dvv91m/files/wandb-summary.json
2022-06-18 23:34:06,554 INFO    SenderThread:16352 [sender.py:_save_file():949] saving file wandb-summary.json with policy end
2022-06-18 23:34:11,567 INFO    Thread-10 :16352 [dir_watcher.py:_on_file_modified():269] file/dir modified: /Users/holy_joon/ws/Reinforcement/A3C-Atari/wandb/run-20220618_192017-t9dvv91m/files/wandb-summary.json
2022-06-18 23:38:26,083 INFO    SenderThread:16352 [sender.py:_save_file():949] saving file wandb-summary.json with policy end
2022-06-18 23:38:28,154 INFO    Thread-10 :16352 [dir_watcher.py:_on_file_modified():269] file/dir modified: /Users/holy_joon/ws/Reinforcement/A3C-Atari/wandb/run-20220618_192017-t9dvv91m/files/wandb-summary.json
2022-06-18 23:47:09,810 INFO    SenderThread:16352 [sender.py:_save_file():949] saving file wandb-summary.json with policy end
2022-06-18 23:47:15,136 INFO    Thread-10 :16352 [dir_watcher.py:_on_file_modified():269] file/dir modified: /Users/holy_joon/ws/Reinforcement/A3C-Atari/wandb/run-20220618_192017-t9dvv91m/files/wandb-summary.json
2022-06-18 23:54:28,311 INFO    SenderThread:16352 [sender.py:_save_file():949] saving file wandb-summary.json with policy end
2022-06-18 23:54:31,785 INFO    Thread-10 :16352 [dir_watcher.py:_on_file_modified():269] file/dir modified: /Users/holy_joon/ws/Reinforcement/A3C-Atari/wandb/run-20220618_192017-t9dvv91m/files/wandb-summary.json
2022-06-18 23:58:23,788 INFO    MainThread:16352 [wandb_run.py:_atexit_cleanup():1867] got exitcode: 255
2022-06-18 23:58:23,897 INFO    MainThread:16352 [wandb_run.py:_restore():1839] restore
2022-06-18 23:58:23,906 INFO    SenderThread:16352 [sender.py:send_exit():371] handling exit code: 255
2022-06-18 23:58:23,907 INFO    SenderThread:16352 [sender.py:send_exit():373] handling runtime: 16685
2022-06-18 23:58:23,909 INFO    SenderThread:16352 [sender.py:_save_file():949] saving file wandb-summary.json with policy end
2022-06-18 23:58:23,910 INFO    SenderThread:16352 [sender.py:send_exit():379] send defer
2022-06-18 23:58:23,914 INFO    MainThread:16352 [wandb_run.py:_on_finish():1996] got exit ret: file_counts {
  wandb_count: 1
  media_count: 2
}
pusher_stats {
  uploaded_bytes: 1954
  total_bytes: 1954
}

2022-06-18 23:58:23,914 INFO    HandlerThread:16352 [handler.py:handle_request_defer():164] handle defer: 0
2022-06-18 23:58:23,915 INFO    SenderThread:16352 [sender.py:send_request_defer():388] handle sender defer: 0
2022-06-18 23:58:23,915 INFO    SenderThread:16352 [sender.py:transition_state():392] send defer: 1
2022-06-18 23:58:23,915 INFO    HandlerThread:16352 [handler.py:handle_request_defer():164] handle defer: 1
